--- perl make_eg.pl --- 
--- perl makefile.pl --- 
Checking if your kit is complete...
Warning: the following files are missing in your kit:
	META.yml
	Win32-GuiTest.ppd
	Win32-GuiTest.tar.gz
Please inform the author.
Writing Makefile for Win32::GuiTest
--- nmake --- 

Microsoft (R) Program Maintenance Utility   Version 7.00.8882
Copyright (C) Microsoft Corp 1988-2000. All rights reserved.

cp lib/win32/guitest/guitest.pc blib\lib\win32/guitest/guitest.pc
cp GuiTest.pm blib\lib\Win32\GuiTest.pm
AutoSplitting blib\lib\Win32\GuiTest.pm (blib\lib\auto\Win32\GuiTest)
cp makedist.pl blib\lib\Win32\makedist.pl
cp lib/win32/guitest/cmd.pm blib\lib\win32/guitest/cmd.pm
cp make_eg.pl blib\lib\Win32\make_eg.pl
cp Examples.pm blib\lib\Win32\Examples.pm
	C:\Perl\bin\perl.exe -IC:\Perl\lib -IC:\Perl\lib C:\Perl\lib\ExtUtils/xsubpp  -typemap C:\Perl\lib\ExtUtils\typemap -typemap perlobject.map -typemap typemap GuiTest.xs >xstmp.c && C:\Perl\bin\perl.exe -MExtUtils::Command -e mv xstmp.c GuiTest.cpp
	cl -c    -nologo -Gf -W3 -MD -Zi -DNDEBUG -O1 -DWIN32 -D_CONSOLE -DNO_STRICT -DHAVE_DES_FCRYPT -DPERL_IMPLICIT_CONTEXT -DPERL_IMPLICIT_SYS -DUSE_PERLIO -DPERL_MSVCRT_READFIX -MD -Zi -DNDEBUG -O1    -DVERSION=\"1.50.5\"  -DXS_VERSION=\"1.50.5\"  "-IC:\Perl\lib\CORE"   GuiTest.cpp
GuiTest.cpp
	cl -c    -nologo -Gf -W3 -MD -Zi -DNDEBUG -O1 -DWIN32 -D_CONSOLE -DNO_STRICT -DHAVE_DES_FCRYPT -DPERL_IMPLICIT_CONTEXT -DPERL_IMPLICIT_SYS -DUSE_PERLIO -DPERL_MSVCRT_READFIX -MD -Zi -DNDEBUG -O1    -DVERSION=\"1.50.5\"  -DXS_VERSION=\"1.50.5\"  "-IC:\Perl\lib\CORE"   dibsect.cpp
dibsect.cpp
"Running Mkbootstrap for Win32::GuiTest ()"
	C:\Perl\bin\perl.exe -MExtUtils::Command -e chmod 644 GuiTest.bs
	C:\Perl\bin\perl.exe -MExtUtils::Mksymlists  -e "Mksymlists('NAME'=>\"Win32::GuiTest\", 'DLBASE' => 'GuiTest', 'DL_FUNCS' => {  }, 'FUNCLIST' => [], 'IMPORTS' => {  }, 'DL_VARS' => []);"
	link -out:blib\arch\auto\Win32\GuiTest\GuiTest.dll -dll -nologo -nodefaultlib -debug -opt:ref,icf  -libpath:"C:\Perl\lib\CORE"  -machine:x86 GuiTest.obj DibSect.obj   C:\Perl\lib\CORE\perl58.lib oldnames.lib kernel32.lib user32.lib gdi32.lib winspool.lib  comdlg32.lib advapi32.lib shell32.lib ole32.lib oleaut32.lib  netapi32.lib uuid.lib wsock32.lib mpr.lib winmm.lib  version.lib odbc32.lib odbccp32.lib msvcrt.lib -def:GuiTest.def
   Creating library blib\arch\auto\Win32\GuiTest\GuiTest.lib and object blib\arch\auto\Win32\GuiTest\GuiTest.exp
	C:\Perl\bin\perl.exe -MExtUtils::Command -e chmod 755 blib\arch\auto\Win32\GuiTest\GuiTest.dll
	C:\Perl\bin\perl.exe -MExtUtils::Command -e cp GuiTest.bs blib\arch\auto\Win32\GuiTest\GuiTest.bs
	C:\Perl\bin\perl.exe -MExtUtils::Command -e chmod 644 blib\arch\auto\Win32\GuiTest\GuiTest.bs
--- makepod GuiTest --- 

C:\Piotr\work\guitest\dist\Win32-GuiTest>call podchecker GuiTest.pm 
*** WARNING: node 'http://www.sourceforge.net/projects/winguitest' contains non-escaped | or / at line 37 in file GuiTest.pm
*** WARNING: node 'http://www.piotrkaluski.com/files/winguitest/docs/index.html' contains non-escaped | or / at line 1502 in file GuiTest.pm
GuiTest.pm pod syntax OK.
--- makepod Examples --- 

C:\Piotr\work\guitest\dist\Win32-GuiTest>call podchecker Examples.pm 
*** WARNING: line containing nothing but whitespace in paragraph at line 21 in file Examples.pm
*** WARNING: line containing nothing but whitespace in paragraph at line 26 in file Examples.pm
*** WARNING: line containing nothing but whitespace in paragraph at line 29 in file Examples.pm
*** WARNING: line containing nothing but whitespace in paragraph at line 31 in file Examples.pm
*** WARNING: line containing nothing but whitespace in paragraph at line 33 in file Examples.pm
*** WARNING: line containing nothing but whitespace in paragraph at line 36 in file Examples.pm
*** WARNING: line containing nothing but whitespace in paragraph at line 39 in file Examples.pm
*** WARNING: line containing nothing but whitespace in paragraph at line 42 in file Examples.pm
*** WARNING: line containing nothing but whitespace in paragraph at line 50 in file Examples.pm
*** WARNING: line containing nothing but whitespace in paragraph at line 56 in file Examples.pm
*** WARNING: line containing nothing but whitespace in paragraph at line 57 in file Examples.pm
*** WARNING: line containing nothing but whitespace in paragraph at line 58 in file Examples.pm
*** WARNING: line containing nothing but whitespace in paragraph at line 60 in file Examples.pm
*** WARNING: line containing nothing but whitespace in paragraph at line 62 in file Examples.pm
*** WARNING: line containing nothing but whitespace in paragraph at line 67 in file Examples.pm
*** WARNING: line containing nothing but whitespace in paragraph at line 71 in file Examples.pm
*** WARNING: line containing nothing but whitespace in paragraph at line 78 in file Examples.pm
*** WARNING: line containing nothing but whitespace in paragraph at line 88 in file Examples.pm
*** WARNING: line containing nothing but whitespace in paragraph at line 94 in file Examples.pm
*** WARNING: line containing nothing but whitespace in paragraph at line 109 in file Examples.pm
*** WARNING: line containing nothing but whitespace in paragraph at line 114 in file Examples.pm
*** WARNING: line containing nothing but whitespace in paragraph at line 115 in file Examples.pm
*** WARNING: line containing nothing but whitespace in paragraph at line 122 in file Examples.pm
*** WARNING: line containing nothing but whitespace in paragraph at line 124 in file Examples.pm
*** WARNING: line containing nothing but whitespace in paragraph at line 126 in file Examples.pm
*** WARNING: line containing nothing but whitespace in paragraph at line 128 in file Examples.pm
*** WARNING: line containing nothing but whitespace in paragraph at line 135 in file Examples.pm
*** WARNING: line containing nothing but whitespace in paragraph at line 144 in file Examples.pm
*** WARNING: line containing nothing but whitespace in paragraph at line 147 in file Examples.pm
*** WARNING: line containing nothing but whitespace in paragraph at line 157 in file Examples.pm
*** WARNING: line containing nothing but whitespace in paragraph at line 163 in file Examples.pm
*** WARNING: line containing nothing but whitespace in paragraph at line 167 in file Examples.pm
*** WARNING: line containing nothing but whitespace in paragraph at line 169 in file Examples.pm
*** WARNING: line containing nothing but whitespace in paragraph at line 171 in file Examples.pm
*** WARNING: line containing nothing but whitespace in paragraph at line 174 in file Examples.pm
*** WARNING: line containing nothing but whitespace in paragraph at line 182 in file Examples.pm
*** WARNING: line containing nothing but whitespace in paragraph at line 187 in file Examples.pm
*** WARNING: line containing nothing but whitespace in paragraph at line 189 in file Examples.pm
*** WARNING: line containing nothing but whitespace in paragraph at line 192 in file Examples.pm
*** WARNING: line containing nothing but whitespace in paragraph at line 193 in file Examples.pm
*** WARNING: line containing nothing but whitespace in paragraph at line 194 in file Examples.pm
*** WARNING: line containing nothing but whitespace in paragraph at line 195 in file Examples.pm
*** WARNING: line containing nothing but whitespace in paragraph at line 196 in file Examples.pm
*** WARNING: line containing nothing but whitespace in paragraph at line 197 in file Examples.pm
*** WARNING: line containing nothing but whitespace in paragraph at line 206 in file Examples.pm
*** WARNING: line containing nothing but whitespace in paragraph at line 208 in file Examples.pm
*** WARNING: line containing nothing but whitespace in paragraph at line 210 in file Examples.pm
*** WARNING: line containing nothing but whitespace in paragraph at line 213 in file Examples.pm
*** WARNING: line containing nothing but whitespace in paragraph at line 217 in file Examples.pm
*** WARNING: line containing nothing but whitespace in paragraph at line 222 in file Examples.pm
*** WARNING: line containing nothing but whitespace in paragraph at line 230 in file Examples.pm
*** WARNING: line containing nothing but whitespace in paragraph at line 234 in file Examples.pm
*** WARNING: line containing nothing but whitespace in paragraph at line 239 in file Examples.pm
*** WARNING: line containing nothing but whitespace in paragraph at line 242 in file Examples.pm
*** WARNING: line containing nothing but whitespace in paragraph at line 249 in file Examples.pm
*** WARNING: line containing nothing but whitespace in paragraph at line 251 in file Examples.pm
*** WARNING: line containing nothing but whitespace in paragraph at line 253 in file Examples.pm
*** WARNING: line containing nothing but whitespace in paragraph at line 265 in file Examples.pm
*** WARNING: line containing nothing but whitespace in paragraph at line 266 in file Examples.pm
*** WARNING: line containing nothing but whitespace in paragraph at line 275 in file Examples.pm
*** WARNING: line containing nothing but whitespace in paragraph at line 277 in file Examples.pm
*** WARNING: line containing nothing but whitespace in paragraph at line 280 in file Examples.pm
*** WARNING: line containing nothing but whitespace in paragraph at line 287 in file Examples.pm
*** WARNING: line containing nothing but whitespace in paragraph at line 288 in file Examples.pm
*** WARNING: line containing nothing but whitespace in paragraph at line 294 in file Examples.pm
*** WARNING: line containing nothing but whitespace in paragraph at line 296 in file Examples.pm
*** WARNING: line containing nothing but whitespace in paragraph at line 298 in file Examples.pm
*** WARNING: line containing nothing but whitespace in paragraph at line 300 in file Examples.pm
*** WARNING: line containing nothing but whitespace in paragraph at line 303 in file Examples.pm
*** WARNING: line containing nothing but whitespace in paragraph at line 309 in file Examples.pm
*** WARNING: line containing nothing but whitespace in paragraph at line 311 in file Examples.pm
*** WARNING: line containing nothing but whitespace in paragraph at line 318 in file Examples.pm
*** WARNING: line containing nothing but whitespace in paragraph at line 321 in file Examples.pm
*** WARNING: line containing nothing but whitespace in paragraph at line 323 in file Examples.pm
*** WARNING: line containing nothing but whitespace in paragraph at line 326 in file Examples.pm
*** WARNING: line containing nothing but whitespace in paragraph at line 327 in file Examples.pm
*** WARNING: line containing nothing but whitespace in paragraph at line 334 in file Examples.pm
*** WARNING: line containing nothing but whitespace in paragraph at line 343 in file Examples.pm
*** WARNING: line containing nothing but whitespace in paragraph at line 350 in file Examples.pm
*** WARNING: line containing nothing but whitespace in paragraph at line 351 in file Examples.pm
*** WARNING: line containing nothing but whitespace in paragraph at line 353 in file Examples.pm
*** WARNING: line containing nothing but whitespace in paragraph at line 354 in file Examples.pm
*** WARNING: line containing nothing but whitespace in paragraph at line 361 in file Examples.pm
*** WARNING: line containing nothing but whitespace in paragraph at line 363 in file Examples.pm
*** WARNING: line containing nothing but whitespace in paragraph at line 383 in file Examples.pm
*** WARNING: line containing nothing but whitespace in paragraph at line 385 in file Examples.pm
*** WARNING: line containing nothing but whitespace in paragraph at line 387 in file Examples.pm
*** WARNING: line containing nothing but whitespace in paragraph at line 391 in file Examples.pm
*** WARNING: line containing nothing but whitespace in paragraph at line 396 in file Examples.pm
*** WARNING: line containing nothing but whitespace in paragraph at line 401 in file Examples.pm
*** WARNING: line containing nothing but whitespace in paragraph at line 402 in file Examples.pm
*** WARNING: line containing nothing but whitespace in paragraph at line 409 in file Examples.pm
*** WARNING: line containing nothing but whitespace in paragraph at line 410 in file Examples.pm
*** WARNING: line containing nothing but whitespace in paragraph at line 412 in file Examples.pm
*** WARNING: line containing nothing but whitespace in paragraph at line 414 in file Examples.pm
*** WARNING: line containing nothing but whitespace in paragraph at line 419 in file Examples.pm
*** WARNING: line containing nothing but whitespace in paragraph at line 420 in file Examples.pm
*** WARNING: line containing nothing but whitespace in paragraph at line 423 in file Examples.pm
*** WARNING: line containing nothing but whitespace in paragraph at line 428 in file Examples.pm
*** WARNING: line containing nothing but whitespace in paragraph at line 435 in file Examples.pm
*** WARNING: line containing nothing but whitespace in paragraph at line 436 in file Examples.pm
*** WARNING: line containing nothing but whitespace in paragraph at line 437 in file Examples.pm
*** WARNING: line containing nothing but whitespace in paragraph at line 445 in file Examples.pm
*** WARNING: line containing nothing but whitespace in paragraph at line 446 in file Examples.pm
*** WARNING: line containing nothing but whitespace in paragraph at line 458 in file Examples.pm
*** WARNING: line containing nothing but whitespace in paragraph at line 463 in file Examples.pm
*** WARNING: line containing nothing but whitespace in paragraph at line 466 in file Examples.pm
*** WARNING: line containing nothing but whitespace in paragraph at line 472 in file Examples.pm
*** WARNING: line containing nothing but whitespace in paragraph at line 473 in file Examples.pm
*** WARNING: line containing nothing but whitespace in paragraph at line 475 in file Examples.pm
*** WARNING: line containing nothing but whitespace in paragraph at line 480 in file Examples.pm
*** WARNING: line containing nothing but whitespace in paragraph at line 482 in file Examples.pm
*** WARNING: line containing nothing but whitespace in paragraph at line 490 in file Examples.pm
*** WARNING: line containing nothing but whitespace in paragraph at line 497 in file Examples.pm
*** WARNING: line containing nothing but whitespace in paragraph at line 501 in file Examples.pm
*** WARNING: line containing nothing but whitespace in paragraph at line 502 in file Examples.pm
*** WARNING: line containing nothing but whitespace in paragraph at line 504 in file Examples.pm
*** WARNING: line containing nothing but whitespace in paragraph at line 507 in file Examples.pm
*** WARNING: line containing nothing but whitespace in paragraph at line 529 in file Examples.pm
*** WARNING: line containing nothing but whitespace in paragraph at line 531 in file Examples.pm
*** WARNING: line containing nothing but whitespace in paragraph at line 542 in file Examples.pm
*** WARNING: line containing nothing but whitespace in paragraph at line 545 in file Examples.pm
*** WARNING: line containing nothing but whitespace in paragraph at line 547 in file Examples.pm
*** WARNING: line containing nothing but whitespace in paragraph at line 549 in file Examples.pm
*** WARNING: line containing nothing but whitespace in paragraph at line 572 in file Examples.pm
*** WARNING: line containing nothing but whitespace in paragraph at line 578 in file Examples.pm
*** WARNING: line containing nothing but whitespace in paragraph at line 580 in file Examples.pm
*** WARNING: line containing nothing but whitespace in paragraph at line 629 in file Examples.pm
*** WARNING: line containing nothing but whitespace in paragraph at line 631 in file Examples.pm
*** WARNING: line containing nothing but whitespace in paragraph at line 638 in file Examples.pm
*** WARNING: line containing nothing but whitespace in paragraph at line 647 in file Examples.pm
*** WARNING: line containing nothing but whitespace in paragraph at line 649 in file Examples.pm
*** WARNING: line containing nothing but whitespace in paragraph at line 650 in file Examples.pm
*** WARNING: line containing nothing but whitespace in paragraph at line 654 in file Examples.pm
*** WARNING: line containing nothing but whitespace in paragraph at line 663 in file Examples.pm
*** WARNING: line containing nothing but whitespace in paragraph at line 664 in file Examples.pm
*** WARNING: line containing nothing but whitespace in paragraph at line 667 in file Examples.pm
*** WARNING: line containing nothing but whitespace in paragraph at line 669 in file Examples.pm
*** WARNING: line containing nothing but whitespace in paragraph at line 681 in file Examples.pm
*** WARNING: line containing nothing but whitespace in paragraph at line 685 in file Examples.pm
*** WARNING: line containing nothing but whitespace in paragraph at line 696 in file Examples.pm
*** WARNING: line containing nothing but whitespace in paragraph at line 699 in file Examples.pm
*** WARNING: line containing nothing but whitespace in paragraph at line 717 in file Examples.pm
*** WARNING: line containing nothing but whitespace in paragraph at line 720 in file Examples.pm
*** WARNING: line containing nothing but whitespace in paragraph at line 731 in file Examples.pm
*** WARNING: line containing nothing but whitespace in paragraph at line 737 in file Examples.pm
*** WARNING: line containing nothing but whitespace in paragraph at line 739 in file Examples.pm
*** WARNING: line containing nothing but whitespace in paragraph at line 742 in file Examples.pm
*** WARNING: line containing nothing but whitespace in paragraph at line 748 in file Examples.pm
*** WARNING: line containing nothing but whitespace in paragraph at line 749 in file Examples.pm
*** WARNING: line containing nothing but whitespace in paragraph at line 754 in file Examples.pm
*** WARNING: line containing nothing but whitespace in paragraph at line 771 in file Examples.pm
*** WARNING: line containing nothing but whitespace in paragraph at line 772 in file Examples.pm
*** WARNING: line containing nothing but whitespace in paragraph at line 773 in file Examples.pm
*** WARNING: line containing nothing but whitespace in paragraph at line 774 in file Examples.pm
*** WARNING: line containing nothing but whitespace in paragraph at line 775 in file Examples.pm
*** WARNING: line containing nothing but whitespace in paragraph at line 776 in file Examples.pm
*** WARNING: line containing nothing but whitespace in paragraph at line 778 in file Examples.pm
*** WARNING: line containing nothing but whitespace in paragraph at line 779 in file Examples.pm
*** WARNING: line containing nothing but whitespace in paragraph at line 788 in file Examples.pm
*** WARNING: line containing nothing but whitespace in paragraph at line 789 in file Examples.pm
*** WARNING: line containing nothing but whitespace in paragraph at line 791 in file Examples.pm
*** WARNING: line containing nothing but whitespace in paragraph at line 792 in file Examples.pm
*** WARNING: line containing nothing but whitespace in paragraph at line 793 in file Examples.pm
*** WARNING: line containing nothing but whitespace in paragraph at line 798 in file Examples.pm
*** WARNING: line containing nothing but whitespace in paragraph at line 805 in file Examples.pm
*** WARNING: line containing nothing but whitespace in paragraph at line 815 in file Examples.pm
*** WARNING: line containing nothing but whitespace in paragraph at line 817 in file Examples.pm
*** WARNING: line containing nothing but whitespace in paragraph at line 833 in file Examples.pm
*** WARNING: line containing nothing but whitespace in paragraph at line 834 in file Examples.pm
*** WARNING: line containing nothing but whitespace in paragraph at line 846 in file Examples.pm
*** WARNING: line containing nothing but whitespace in paragraph at line 847 in file Examples.pm
*** WARNING: line containing nothing but whitespace in paragraph at line 848 in file Examples.pm
*** WARNING: line containing nothing but whitespace in paragraph at line 866 in file Examples.pm
*** WARNING: line containing nothing but whitespace in paragraph at line 872 in file Examples.pm
*** WARNING: line containing nothing but whitespace in paragraph at line 874 in file Examples.pm
*** WARNING: line containing nothing but whitespace in paragraph at line 876 in file Examples.pm
*** WARNING: line containing nothing but whitespace in paragraph at line 882 in file Examples.pm
*** WARNING: line containing nothing but whitespace in paragraph at line 886 in file Examples.pm
*** WARNING: line containing nothing but whitespace in paragraph at line 906 in file Examples.pm
*** WARNING: line containing nothing but whitespace in paragraph at line 907 in file Examples.pm
*** WARNING: line containing nothing but whitespace in paragraph at line 914 in file Examples.pm
*** WARNING: line containing nothing but whitespace in paragraph at line 916 in file Examples.pm
*** WARNING: line containing nothing but whitespace in paragraph at line 920 in file Examples.pm
*** WARNING: line containing nothing but whitespace in paragraph at line 928 in file Examples.pm
*** WARNING: line containing nothing but whitespace in paragraph at line 932 in file Examples.pm
*** WARNING: line containing nothing but whitespace in paragraph at line 933 in file Examples.pm
*** WARNING: line containing nothing but whitespace in paragraph at line 935 in file Examples.pm
*** WARNING: line containing nothing but whitespace in paragraph at line 942 in file Examples.pm
*** WARNING: line containing nothing but whitespace in paragraph at line 949 in file Examples.pm
*** WARNING: line containing nothing but whitespace in paragraph at line 965 in file Examples.pm
*** WARNING: line containing nothing but whitespace in paragraph at line 983 in file Examples.pm
*** WARNING: line containing nothing but whitespace in paragraph at line 995 in file Examples.pm
*** WARNING: line containing nothing but whitespace in paragraph at line 996 in file Examples.pm
*** WARNING: line containing nothing but whitespace in paragraph at line 998 in file Examples.pm
*** WARNING: line containing nothing but whitespace in paragraph at line 1001 in file Examples.pm
*** WARNING: line containing nothing but whitespace in paragraph at line 1017 in file Examples.pm
*** WARNING: line containing nothing but whitespace in paragraph at line 1021 in file Examples.pm
*** WARNING: line containing nothing but whitespace in paragraph at line 1026 in file Examples.pm
*** WARNING: line containing nothing but whitespace in paragraph at line 1033 in file Examples.pm
*** WARNING: line containing nothing but whitespace in paragraph at line 1070 in file Examples.pm
*** WARNING: line containing nothing but whitespace in paragraph at line 1071 in file Examples.pm
*** WARNING: line containing nothing but whitespace in paragraph at line 1076 in file Examples.pm
*** WARNING: line containing nothing but whitespace in paragraph at line 1087 in file Examples.pm
*** WARNING: line containing nothing but whitespace in paragraph at line 1092 in file Examples.pm
Examples.pm pod syntax OK.
--- copy guitest.txt README --- 
        1 file(s) copied.
--- copy guitest.html README.html --- 
        1 file(s) copied.
--- tar cvf Win32-GuiTest.tar blib --- 
blib/
blib/arch/
blib/arch/auto/
blib/arch/auto/Win32/
blib/arch/auto/Win32/GuiTest/
blib/arch/auto/Win32/GuiTest/.exists
blib/arch/auto/Win32/GuiTest/GuiTest.bs
blib/arch/auto/Win32/GuiTest/GuiTest.dll
blib/arch/auto/Win32/GuiTest/GuiTest.exp
blib/arch/auto/Win32/GuiTest/GuiTest.lib
blib/arch/auto/Win32/GuiTest/GuiTest.pdb
blib/html/
blib/html/site/
blib/html/site/lib/
blib/html/site/lib/Win32/
blib/html/site/lib/Win32/GuiTest/
blib/html/site/lib/Win32/GuiTest/Examples.html
blib/html/site/lib/Win32/guitest.html
blib/lib/
blib/lib/auto/
blib/lib/auto/Win32/
blib/lib/auto/Win32/GuiTest/
blib/lib/auto/Win32/GuiTest/.exists
blib/lib/auto/Win32/GuiTest/autosplit.ix
blib/lib/Win32/
blib/lib/Win32/.exists
blib/lib/Win32/Examples.pm
blib/lib/Win32/guitest/
blib/lib/Win32/guitest/cmd.pm
blib/lib/Win32/guitest/guitest.pc
blib/lib/Win32/GuiTest.pm
blib/lib/Win32/makedist.pl
blib/lib/Win32/make_eg.pl
--- gzip --best Win32-GuiTest.tar --- 
--- nmake ppd --- 

Microsoft (R) Program Maintenance Utility   Version 7.00.8882
Copyright (C) Microsoft Corp 1988-2000. All rights reserved.

--- nmake zipdist --- 

Microsoft (R) Program Maintenance Utility   Version 7.00.8882
Copyright (C) Microsoft Corp 1988-2000. All rights reserved.

	C:\Perl\bin\perl.exe -MExtUtils::Command -e rm_rf Win32-GuiTest-1.50.5
	C:\Perl\bin\perl.exe "-MExtUtils::Manifest=manicopy,maniread"  -e "manicopy(maniread(),'Win32-GuiTest-1.50.5', 'best');"
-e: META.yml not found at -e line 1
Can't read META.yml: No such file or directory
mkdir Win32-GuiTest-1.50.5
mkdir Win32-GuiTest-1.50.5/eg
mkdir Win32-GuiTest-1.50.5/t
NMAKE : fatal error U1077: 'C:\Perl\bin\perl.exe' : return code '0x2'
Stop.
